Timestamp (d-m-y h:m:s): 14-09-11 23:04:06
HTTP_USER_AGENT: Mozilla/5.0 (Macintosh; Intel Mac OS X 10_6_8) AppleWebKit/535.3 (KHTML, like Gecko) Chrome/16.0.879.0 Safari/535.3
CUR_PAGE: /Dropbox/FIRST/MPA/404.php
HTTP_REFERER: 
Timestamp (d-m-y h:m:s): 14-09-11 23:04:13
HTTP_USER_AGENT: Mozilla/5.0 (Macintosh; Intel Mac OS X 10_6_8) AppleWebKit/535.3 (KHTML, like Gecko) Chrome/16.0.879.0 Safari/535.3
CUR_PAGE: /Dropbox/FIRST/MPA/debug.php
HTTP_REFERER: 
Timestamp (d-m-y h:m:s): 14-09-11 23:04:15
HTTP_USER_AGENT: Mozilla/5.0 (Macintosh; Intel Mac OS X 10_6_8) AppleWebKit/535.3 (KHTML, like Gecko) Chrome/16.0.879.0 Safari/535.3
CUR_PAGE: /Dropbox/FIRST/MPA/debug.php
HTTP_REFERER: 
User Comment: YATTA!

Timestamp (d-m-y h:m:s): 15-09-11 07:16:11
HTTP_USER_AGENT: Mozilla/5.0 (Macintosh; Intel Mac OS X 10_6_7) AppleWebKit/535.1 (KHTML, like Gecko) Chrome/13.0.782.220 Safari/535.1
CUR_PAGE: /Dropbox/FIRST/MPA/404.php
HTTP_REFERER: 
Timestamp (d-m-y h:m:s): 15-09-11 13:32:22
HTTP_USER_AGENT: Mozilla/5.0 (Macintosh; Intel Mac OS X 10_6_7) AppleWebKit/535.1 (KHTML, like Gecko) Chrome/13.0.782.220 Safari/535.1
CUR_PAGE: /Dropbox/FIRST/MPA/debug.php
HTTP_REFERER: 
Timestamp (d-m-y h:m:s): 15-09-11 13:32:22
HTTP_USER_AGENT: Mozilla/5.0 (Macintosh; Intel Mac OS X 10_6_7) AppleWebKit/535.1 (KHTML, like Gecko) Chrome/13.0.782.220 Safari/535.1
CUR_PAGE: /Dropbox/FIRST/MPA/404.php
HTTP_REFERER: 
Timestamp (d-m-y h:m:s): 15-09-11 13:44:43
HTTP_USER_AGENT: Mozilla/5.0 (Macintosh; Intel Mac OS X 10_6_7) AppleWebKit/535.1 (KHTML, like Gecko) Chrome/13.0.782.220 Safari/535.1
CUR_PAGE: /Dropbox/FIRST/MPA/404.php
HTTP_REFERER: 
Timestamp (d-m-y h:m:s): 15-09-11 19:16:09
HTTP_USER_AGENT: Mozilla/5.0 (Macintosh; Intel Mac OS X 10_6_8) AppleWebKit/535.1 (KHTML, like Gecko) Chrome/13.0.782.220 Safari/535.1
CUR_PAGE: /Dropbox/FIRST/MPA/404.php
HTTP_REFERER: 
Timestamp (d-m-y h:m:s): 15-09-11 19:19:22
HTTP_USER_AGENT: Mozilla/5.0 (Macintosh; Intel Mac OS X 10_6_8) AppleWebKit/535.1 (KHTML, like Gecko) Chrome/13.0.782.220 Safari/535.1
CUR_PAGE: /Dropbox/FIRST/MPA/404.php
HTTP_REFERER: 
Timestamp (d-m-y h:m:s): 15-09-11 19:20:31
HTTP_USER_AGENT: Mozilla/5.0 (Macintosh; Intel Mac OS X 10_6_8) AppleWebKit/535.1 (KHTML, like Gecko) Chrome/13.0.782.220 Safari/535.1
CUR_PAGE: /Dropbox/FIRST/MPA/404.php
HTTP_REFERER: 
Timestamp (d-m-y h:m:s): 15-09-11 20:32:37
HTTP_USER_AGENT: Mozilla/5.0 (Macintosh; Intel Mac OS X 10_7_1) AppleWebKit/534.48.3 (KHTML, like Gecko) Version/5.1 Safari/534.48.3
CUR_PAGE: /Dropbox/FIRST/MPA/404.php
HTTP_REFERER: http://robotics.dbztech.com/
Timestamp (d-m-y h:m:s): 15-09-11 20:33:00
HTTP_USER_AGENT: Mozilla/5.0 (Macintosh; Intel Mac OS X 10_7_1) AppleWebKit/534.48.3 (KHTML, like Gecko) Version/5.1 Safari/534.48.3
CUR_PAGE: /Dropbox/FIRST/MPA/404.php
HTTP_REFERER: http://robotics.dbztech.com/
User Comment: Lol its me

Timestamp (d-m-y h:m:s): 16-09-11 07:49:48
HTTP_USER_AGENT: Mozilla/5.0 (Macintosh; Intel Mac OS X 10_6_7) AppleWebKit/535.1 (KHTML, like Gecko) Chrome/13.0.782.220 Safari/535.1
CUR_PAGE: /Dropbox/FIRST/MPA/404.php
HTTP_REFERER: 
Timestamp (d-m-y h:m:s): 16-09-11 09:44:25
HTTP_USER_AGENT: Mozilla/5.0 (Macintosh; Intel Mac OS X 10.6; rv:9.0a1) Gecko/20110908 Firefox/9.0a1
CUR_PAGE: /Dropbox/FIRST/MPA/404.php
HTTP_REFERER: 
Timestamp (d-m-y h:m:s): 16-09-11 09:44:25
HTTP_USER_AGENT: Mozilla/5.0 (Macintosh; Intel Mac OS X 10.6; rv:9.0a1) Gecko/20110908 Firefox/9.0a1
CUR_PAGE: /Dropbox/FIRST/MPA/404.php
HTTP_REFERER: 
Timestamp (d-m-y h:m:s): 16-09-11 09:44:28
HTTP_USER_AGENT: Mozilla/5.0 (Macintosh; Intel Mac OS X 10.6; rv:9.0a1) Gecko/20110908 Firefox/9.0a1
CUR_PAGE: /Dropbox/FIRST/MPA/404.php
HTTP_REFERER: http://robotics.dbztech.com/
User Comment: Hey look! It's Firefox 9!

Timestamp (d-m-y h:m:s): 16-09-11 11:24:00
CUR_PAGE: /debug.php
HTTP_REFERER: http://robotics.dbztech.com/Search/
HTTP_USER_AGENT: Mozilla/5.0 (Macintosh; Intel Mac OS X 10_6_8) AppleWebKit/535.3 (KHTML, like Gecko) Chrome/16.0.883.0 Safari/535.3
User Comment: testing new debug

Timestamp (d-m-y h:m:s): 26-09-11 22:25:00
CUR_PAGE: http://robotics.dbztech.com/Bios/
HTTP_REFERER: http://robotics.dbztech.com/
HTTP_USER_AGENT: Mozilla/5.0 (Macintosh; Intel Mac OS X 10_6_8) AppleWebKit/535.5 (KHTML, like Gecko) Chrome/16.0.891.0 Safari/535.5
User Comment: 

Timestamp (d-m-y h:m:s): 07-10-11 13:30:44
CUR_PAGE: http://robotics.dbztech.com/THEDEBUGPAGEISBROKEN
HTTP_REFERER: 
HTTP_USER_AGENT: Mozilla/5.0 (Macintosh; Intel Mac OS X 10_7_1) AppleWebKit/535.6 (KHTML, like Gecko) Chrome/16.0.899.0 Safari/535.6
User Comment: Your debug page looks like crap on chrome. FIX IT

Timestamp (d-m-y h:m:s): 14-10-11 13:02:41
CUR_PAGE: http://robotics.dbztech.com/Nerds/
HTTP_REFERER: http://robotics.dbztech.com/
HTTP_USER_AGENT: Mozilla/5.0 (Macintosh; Intel Mac OS X 10_7_2) AppleWebKit/535.7 (KHTML, like Gecko) Chrome/16.0.904.0 Safari/535.7
User Comment: I fixed it

